14:46:51 **** Incremental Build of configuration Debug for project Lab3 ****
make -j7 all 
arm-none-eabi-gcc "../Core/Src/main.c" -mcpu=cortex-m4 -std=gnu11 -g3 -DDEBUG -DUSE_HAL_DRIVER -DSTM32L4S5xx -c -I../Core/Inc -I../Drivers/STM32L4xx_HAL_Driver/Inc -I../Drivers/STM32L4xx_HAL_Driver/Inc/Legacy -I../Drivers/CMSIS/Device/ST/STM32L4xx/Include -I../Drivers/CMSIS/Include -O0 -ffunction-sections -fdata-sections -Wall -fstack-usage -fcyclomatic-complexity -MMD -MP -MF"Core/Src/main.d" -MT"Core/Src/main.o" --specs=nano.specs -mfpu=fpv4-sp-d16 -mfloat-abi=hard -mthumb -o "Core/Src/main.o"
../Core/Src/main.c: In function 'main':
../Core/Src/main.c:120:14: warning: implicit declaration of function 'sawtoothGraph' [-Wimplicit-function-declaration]
  120 |   sawtooth = sawtoothGraph();
      |              ^~~~~~~~~~~~~
../Core/Src/main.c:120:12: error: assignment to expression with array type
  120 |   sawtooth = sawtoothGraph();
      |            ^
../Core/Src/main.c:121:14: warning: implicit declaration of function 'triangleGraph' [-Wimplicit-function-declaration]
  121 |   triangle = triangleGraph();
      |              ^~~~~~~~~~~~~
../Core/Src/main.c:121:12: error: assignment to expression with array type
  121 |   triangle = triangleGraph();
      |            ^
../Core/Src/main.c:89:13: warning: unused variable 'i' [-Wunused-variable]
   89 |         int i = 0;
      |             ^
../Core/Src/main.c: At top level:
../Core/Src/main.c:466:11: error: conflicting types for 'sawtoothGraph'; have 'uint16_t *()' {aka 'short unsigned int *()'}
  466 | uint16_t* sawtoothGraph() {
      |           ^~~~~~~~~~~~~
../Core/Src/main.c:120:14: note: previous implicit declaration of 'sawtoothGraph' with type 'int()'
  120 |   sawtooth = sawtoothGraph();
      |              ^~~~~~~~~~~~~
../Core/Src/main.c: In function 'sawtoothGraph':
../Core/Src/main.c:467:18: error: array size missing in 'sawtooth1'
  467 |         uint16_t sawtooth1[];
      |                  ^~~~~~~~~
../Core/Src/main.c:473:16: warning: function returns address of local variable [-Wreturn-local-addr]
  473 |         return sawtooth1;
      |                ^~~~~~~~~
../Core/Src/main.c: At top level:
../Core/Src/main.c:476:6: warning: conflicting types for 'triangleGraph'; have 'void(void)'
  476 | void triangleGraph(void) {
      |      ^~~~~~~~~~~~~
../Core/Src/main.c:121:14: note: previous implicit declaration of 'triangleGraph' with type 'void(void)'
  121 |   triangle = triangleGraph();
      |              ^~~~~~~~~~~~~
../Core/Src/main.c: In function 'sineGraph':
../Core/Src/main.c:490:1: error: expected identifier or '(' before '}' token
  490 | }
      | ^
../Core/Src/main.c:506:1: error: expected declaration or statement at end of input
  506 | }
      | ^
../Core/Src/main.c: At top level:
../Core/Src/main.c:497:6: warning: 'Error_Handler' defined but not used [-Wunused-function]
  497 | void Error_Handler(void)
      |      ^~~~~~~~~~~~~
make: *** [Core/Src/subdir.mk:34: Core/Src/main.o] Error 1
"make -j7 all" terminated with exit code 2. Build might be incomplete.
14:47:58 **** Incremental Build of configuration Debug for project Lab3 ****
make -j7 all 
arm-none-eabi-gcc "../Core/Src/main.c" -mcpu=cortex-m4 -std=gnu11 -g3 -DDEBUG -DUSE_HAL_DRIVER -DSTM32L4S5xx -c -I../Core/Inc -I../Drivers/STM32L4xx_HAL_Driver/Inc -I../Drivers/STM32L4xx_HAL_Driver/Inc/Legacy -I../Drivers/CMSIS/Device/ST/STM32L4xx/Include -I../Drivers/CMSIS/Include -O0 -ffunction-sections -fdata-sections -Wall -fstack-usage -fcyclomatic-complexity -MMD -MP -MF"Core/Src/main.d" -MT"Core/Src/main.o" --specs=nano.specs -mfpu=fpv4-sp-d16 -mfloat-abi=hard -mthumb -o "Core/Src/main.o"
../Core/Src/main.c: In function 'main':
../Core/Src/main.c:120:14: warning: implicit declaration of function 'sawtoothGraph' [-Wimplicit-function-declaration]
  120 |   sawtooth = sawtoothGraph();
      |              ^~~~~~~~~~~~~
../Core/Src/main.c:120:12: error: assignment to expression with array type
  120 |   sawtooth = sawtoothGraph();
      |            ^
../Core/Src/main.c:121:14: warning: implicit declaration of function 'triangleGraph' [-Wimplicit-function-declaration]
  121 |   triangle = triangleGraph();
      |              ^~~~~~~~~~~~~
../Core/Src/main.c:121:12: error: assignment to expression with array type
  121 |   triangle = triangleGraph();
      |            ^
../Core/Src/main.c:89:13: warning: unused variable 'i' [-Wunused-variable]
   89 |         int i = 0;
      |             ^
../Core/Src/main.c: At top level:
../Core/Src/main.c:466:29: error: expected ';', ',' or ')' before '&' token
  466 | void sawtoothGraph(uint16_t &sawtooth1) {
      |                             ^
../Core/Src/main.c:476:6: warning: conflicting types for 'triangleGraph'; have 'void(void)'
  476 | void triangleGraph(void) {
      |      ^~~~~~~~~~~~~
../Core/Src/main.c:121:14: note: previous implicit declaration of 'triangleGraph' with type 'void(void)'
  121 |   triangle = triangleGraph();
      |              ^~~~~~~~~~~~~
../Core/Src/main.c: In function 'sineGraph':
../Core/Src/main.c:490:1: error: expected identifier or '(' before '}' token
  490 | }
      | ^
../Core/Src/main.c:506:1: error: expected declaration or statement at end of input
  506 | }
      | ^
../Core/Src/main.c: At top level:
../Core/Src/main.c:497:6: warning: 'Error_Handler' defined but not used [-Wunused-function]
  497 | void Error_Handler(void)
      |      ^~~~~~~~~~~~~
make: *** [Core/Src/subdir.mk:34: Core/Src/main.o] Error 1
"make -j7 all" terminated with exit code 2. Build might be incomplete.
14:48:15 **** Incremental Build of configuration Debug for project Lab3 ****
make -j7 all 
arm-none-eabi-gcc "../Core/Src/main.c" -mcpu=cortex-m4 -std=gnu11 -g3 -DDEBUG -DUSE_HAL_DRIVER -DSTM32L4S5xx -c -I../Core/Inc -I../Drivers/STM32L4xx_HAL_Driver/Inc -I../Drivers/STM32L4xx_HAL_Driver/Inc/Legacy -I../Drivers/CMSIS/Device/ST/STM32L4xx/Include -I../Drivers/CMSIS/Include -O0 -ffunction-sections -fdata-sections -Wall -fstack-usage -fcyclomatic-complexity -MMD -MP -MF"Core/Src/main.d" -MT"Core/Src/main.o" --specs=nano.specs -mfpu=fpv4-sp-d16 -mfloat-abi=hard -mthumb -o "Core/Src/main.o"
../Core/Src/main.c: In function 'main':
../Core/Src/main.c:120:14: warning: implicit declaration of function 'sawtoothGraph' [-Wimplicit-function-declaration]
  120 |   sawtooth = sawtoothGraph();
      |              ^~~~~~~~~~~~~
../Core/Src/main.c:120:12: error: assignment to expression with array type
  120 |   sawtooth = sawtoothGraph();
      |            ^
../Core/Src/main.c:121:14: warning: implicit declaration of function 'triangleGraph' [-Wimplicit-function-declaration]
  121 |   triangle = triangleGraph();
      |              ^~~~~~~~~~~~~
../Core/Src/main.c:121:12: error: assignment to expression with array type
  121 |   triangle = triangleGraph();
      |            ^
../Core/Src/main.c:89:13: warning: unused variable 'i' [-Wunused-variable]
   89 |         int i = 0;
      |             ^
../Core/Src/main.c: At top level:
../Core/Src/main.c:466:6: warning: conflicting types for 'sawtoothGraph'; have 'void()'
  466 | void sawtoothGraph(sawtooth1) {
      |      ^~~~~~~~~~~~~
../Core/Src/main.c:120:14: note: previous implicit declaration of 'sawtoothGraph' with type 'void()'
  120 |   sawtooth = sawtoothGraph();
      |              ^~~~~~~~~~~~~
../Core/Src/main.c: In function 'sawtoothGraph':
../Core/Src/main.c:466:6: warning: type of 'sawtooth1' defaults to 'int' [-Wimplicit-int]
  466 | void sawtoothGraph(sawtooth1) {
      |      ^~~~~~~~~~~~~
../Core/Src/main.c:467:18: error: 'sawtooth1' redeclared as different kind of symbol
  467 |         uint16_t sawtooth1[];
      |                  ^~~~~~~~~
../Core/Src/main.c:466:6: note: previous definition of 'sawtooth1' with type 'int'
  466 | void sawtoothGraph(sawtooth1) {
      |      ^~~~~~~~~~~~~
../Core/Src/main.c:473:16: warning: 'return' with a value, in function returning void [-Wreturn-type]
  473 |         return sawtooth1;
      |                ^~~~~~~~~
../Core/Src/main.c:466:6: note: declared here
  466 | void sawtoothGraph(sawtooth1) {
      |      ^~~~~~~~~~~~~
../Core/Src/main.c:467:18: warning: unused variable 'sawtooth1' [-Wunused-variable]
  467 |         uint16_t sawtooth1[];
      |                  ^~~~~~~~~
../Core/Src/main.c: At top level:
../Core/Src/main.c:476:6: warning: conflicting types for 'triangleGraph'; have 'void(void)'
  476 | void triangleGraph(void) {
      |      ^~~~~~~~~~~~~
../Core/Src/main.c:121:14: note: previous implicit declaration of 'triangleGraph' with type 'void(void)'
  121 |   triangle = triangleGraph();
      |              ^~~~~~~~~~~~~
../Core/Src/main.c: In function 'sineGraph':
../Core/Src/main.c:490:1: error: expected identifier or '(' before '}' token
  490 | }
      | ^
../Core/Src/main.c:506:1: error: expected declaration or statement at end of input
  506 | }
      | ^
../Core/Src/main.c: At top level:
../Core/Src/main.c:497:6: warning: 'Error_Handler' defined but not used [-Wunused-function]
  497 | void Error_Handler(void)
      |      ^~~~~~~~~~~~~
make: *** [Core/Src/subdir.mk:34: Core/Src/main.o] Error 1
"make -j7 all" terminated with exit code 2. Build might be incomplete.
14:48:28 **** Incremental Build of configuration Debug for project Lab3 ****
make -j7 all 
arm-none-eabi-gcc "../Core/Src/main.c" -mcpu=cortex-m4 -std=gnu11 -g3 -DDEBUG -DUSE_HAL_DRIVER -DSTM32L4S5xx -c -I../Core/Inc -I../Drivers/STM32L4xx_HAL_Driver/Inc -I../Drivers/STM32L4xx_HAL_Driver/Inc/Legacy -I../Drivers/CMSIS/Device/ST/STM32L4xx/Include -I../Drivers/CMSIS/Include -O0 -ffunction-sections -fdata-sections -Wall -fstack-usage -fcyclomatic-complexity -MMD -MP -MF"Core/Src/main.d" -MT"Core/Src/main.o" --specs=nano.specs -mfpu=fpv4-sp-d16 -mfloat-abi=hard -mthumb -o "Core/Src/main.o"
../Core/Src/main.c: In function 'main':
../Core/Src/main.c:120:14: warning: implicit declaration of function 'sawtoothGraph' [-Wimplicit-function-declaration]
  120 |   sawtooth = sawtoothGraph();
      |              ^~~~~~~~~~~~~
../Core/Src/main.c:120:12: error: assignment to expression with array type
  120 |   sawtooth = sawtoothGraph();
      |            ^
../Core/Src/main.c:121:14: warning: implicit declaration of function 'triangleGraph' [-Wimplicit-function-declaration]
  121 |   triangle = triangleGraph();
      |              ^~~~~~~~~~~~~
../Core/Src/main.c:121:12: error: assignment to expression with array type
  121 |   triangle = triangleGraph();
      |            ^
../Core/Src/main.c:89:13: warning: unused variable 'i' [-Wunused-variable]
   89 |         int i = 0;
      |             ^
../Core/Src/main.c: At top level:
../Core/Src/main.c:466:6: warning: conflicting types for 'sawtoothGraph'; have 'void()'
  466 | void sawtoothGraph(sawtooth1) {
      |      ^~~~~~~~~~~~~
../Core/Src/main.c:120:14: note: previous implicit declaration of 'sawtoothGraph' with type 'void()'
  120 |   sawtooth = sawtoothGraph();
      |              ^~~~~~~~~~~~~
../Core/Src/main.c: In function 'sawtoothGraph':
../Core/Src/main.c:466:6: warning: type of 'sawtooth1' defaults to 'int' [-Wimplicit-int]
  466 | void sawtoothGraph(sawtooth1) {
      |      ^~~~~~~~~~~~~
../Core/Src/main.c:470:26: error: subscripted value is neither array nor pointer nor vector
  470 |                 sawtooth1[i] = i*step;
      |                          ^
../Core/Src/main.c:472:16: warning: 'return' with a value, in function returning void [-Wreturn-type]
  472 |         return sawtooth1;
      |                ^~~~~~~~~
../Core/Src/main.c:466:6: note: declared here
  466 | void sawtoothGraph(sawtooth1) {
      |      ^~~~~~~~~~~~~
../Core/Src/main.c: At top level:
../Core/Src/main.c:475:6: warning: conflicting types for 'triangleGraph'; have 'void(void)'
  475 | void triangleGraph(void) {
      |      ^~~~~~~~~~~~~
../Core/Src/main.c:121:14: note: previous implicit declaration of 'triangleGraph' with type 'void(void)'
  121 |   triangle = triangleGraph();
      |              ^~~~~~~~~~~~~
../Core/Src/main.c: In function 'sineGraph':
../Core/Src/main.c:489:1: error: expected identifier or '(' before '}' token
  489 | }
      | ^
../Core/Src/main.c:505:1: error: expected declaration or statement at end of input
  505 | }
      | ^
../Core/Src/main.c: At top level:
../Core/Src/main.c:496:6: warning: 'Error_Handler' defined but not used [-Wunused-function]
  496 | void Error_Handler(void)
      |      ^~~~~~~~~~~~~
make: *** [Core/Src/subdir.mk:34: Core/Src/main.o] Error 1
"make -j7 all" terminated with exit code 2. Build might be incomplete.
14:49:09 **** Incremental Build of configuration Debug for project Lab3 ****
make -j7 all 
arm-none-eabi-gcc "../Core/Src/main.c" -mcpu=cortex-m4 -std=gnu11 -g3 -DDEBUG -DUSE_HAL_DRIVER -DSTM32L4S5xx -c -I../Core/Inc -I../Drivers/STM32L4xx_HAL_Driver/Inc -I../Drivers/STM32L4xx_HAL_Driver/Inc/Legacy -I../Drivers/CMSIS/Device/ST/STM32L4xx/Include -I../Drivers/CMSIS/Include -O0 -ffunction-sections -fdata-sections -Wall -fstack-usage -fcyclomatic-complexity -MMD -MP -MF"Core/Src/main.d" -MT"Core/Src/main.o" --specs=nano.specs -mfpu=fpv4-sp-d16 -mfloat-abi=hard -mthumb -o "Core/Src/main.o"
../Core/Src/main.c: In function 'main':
../Core/Src/main.c:120:14: warning: implicit declaration of function 'sawtoothGraph' [-Wimplicit-function-declaration]
  120 |   sawtooth = sawtoothGraph();
      |              ^~~~~~~~~~~~~
../Core/Src/main.c:120:12: error: assignment to expression with array type
  120 |   sawtooth = sawtoothGraph();
      |            ^
../Core/Src/main.c:121:14: warning: implicit declaration of function 'triangleGraph' [-Wimplicit-function-declaration]
  121 |   triangle = triangleGraph();
      |              ^~~~~~~~~~~~~
../Core/Src/main.c:121:12: error: assignment to expression with array type
  121 |   triangle = triangleGraph();
      |            ^
../Core/Src/main.c:89:13: warning: unused variable 'i' [-Wunused-variable]
   89 |         int i = 0;
      |             ^
../Core/Src/main.c: At top level:
../Core/Src/main.c:466:6: warning: conflicting types for 'sawtoothGraph'; have 'void(uint16_t)' {aka 'void(short unsigned int)'}
  466 | void sawtoothGraph(uint16_t sawtooth1) {
      |      ^~~~~~~~~~~~~
../Core/Src/main.c:120:14: note: previous implicit declaration of 'sawtoothGraph' with type 'void(uint16_t)' {aka 'void(short unsigned int)'}
  120 |   sawtooth = sawtoothGraph();
      |              ^~~~~~~~~~~~~
../Core/Src/main.c: In function 'sawtoothGraph':
../Core/Src/main.c:470:26: error: subscripted value is neither array nor pointer nor vector
  470 |                 sawtooth1[i] = i*step;
      |                          ^
../Core/Src/main.c:472:16: warning: 'return' with a value, in function returning void [-Wreturn-type]
  472 |         return sawtooth1;
      |                ^~~~~~~~~
../Core/Src/main.c:466:6: note: declared here
  466 | void sawtoothGraph(uint16_t sawtooth1) {
      |      ^~~~~~~~~~~~~
../Core/Src/main.c: At top level:
../Core/Src/main.c:475:6: warning: conflicting types for 'triangleGraph'; have 'void(void)'
  475 | void triangleGraph(void) {
      |      ^~~~~~~~~~~~~
../Core/Src/main.c:121:14: note: previous implicit declaration of 'triangleGraph' with type 'void(void)'
  121 |   triangle = triangleGraph();
      |              ^~~~~~~~~~~~~
../Core/Src/main.c: In function 'sineGraph':
../Core/Src/main.c:489:1: error: expected identifier or '(' before '}' token
  489 | }
      | ^
../Core/Src/main.c:505:1: error: expected declaration or statement at end of input
  505 | }
      | ^
../Core/Src/main.c: At top level:
../Core/Src/main.c:496:6: warning: 'Error_Handler' defined but not used [-Wunused-function]
  496 | void Error_Handler(void)
      |      ^~~~~~~~~~~~~
make: *** [Core/Src/subdir.mk:34: Core/Src/main.o] Error 1
"make -j7 all" terminated with exit code 2. Build might be incomplete.
14:49:26 **** Incremental Build of configuration Debug for project Lab3 ****
make -j7 all 
arm-none-eabi-gcc "../Core/Src/main.c" -mcpu=cortex-m4 -std=gnu11 -g3 -DDEBUG -DUSE_HAL_DRIVER -DSTM32L4S5xx -c -I../Core/Inc -I../Drivers/STM32L4xx_HAL_Driver/Inc -I../Drivers/STM32L4xx_HAL_Driver/Inc/Legacy -I../Drivers/CMSIS/Device/ST/STM32L4xx/Include -I../Drivers/CMSIS/Include -O0 -ffunction-sections -fdata-sections -Wall -fstack-usage -fcyclomatic-complexity -MMD -MP -MF"Core/Src/main.d" -MT"Core/Src/main.o" --specs=nano.specs -mfpu=fpv4-sp-d16 -mfloat-abi=hard -mthumb -o "Core/Src/main.o"
../Core/Src/main.c: In function 'main':
../Core/Src/main.c:120:14: warning: implicit declaration of function 'sawtoothGraph' [-Wimplicit-function-declaration]
  120 |   sawtooth = sawtoothGraph();
      |              ^~~~~~~~~~~~~
../Core/Src/main.c:120:12: error: assignment to expression with array type
  120 |   sawtooth = sawtoothGraph();
      |            ^
../Core/Src/main.c:121:14: warning: implicit declaration of function 'triangleGraph' [-Wimplicit-function-declaration]
  121 |   triangle = triangleGraph();
      |              ^~~~~~~~~~~~~
../Core/Src/main.c:121:12: error: assignment to expression with array type
  121 |   triangle = triangleGraph();
      |            ^
../Core/Src/main.c:89:13: warning: unused variable 'i' [-Wunused-variable]
   89 |         int i = 0;
      |             ^
../Core/Src/main.c: At top level:
../Core/Src/main.c:466:6: warning: conflicting types for 'sawtoothGraph'; have 'void(uint16_t *)' {aka 'void(short unsigned int *)'}
  466 | void sawtoothGraph(uint16_t* sawtooth1) {
      |      ^~~~~~~~~~~~~
../Core/Src/main.c:120:14: note: previous implicit declaration of 'sawtoothGraph' with type 'void(uint16_t *)' {aka 'void(short unsigned int *)'}
  120 |   sawtooth = sawtoothGraph();
      |              ^~~~~~~~~~~~~
../Core/Src/main.c: In function 'sawtoothGraph':
../Core/Src/main.c:472:16: warning: 'return' with a value, in function returning void [-Wreturn-type]
  472 |         return sawtooth1;
      |                ^~~~~~~~~
../Core/Src/main.c:466:6: note: declared here
  466 | void sawtoothGraph(uint16_t* sawtooth1) {
      |      ^~~~~~~~~~~~~
../Core/Src/main.c: At top level:
../Core/Src/main.c:475:6: warning: conflicting types for 'triangleGraph'; have 'void(void)'
  475 | void triangleGraph(void) {
      |      ^~~~~~~~~~~~~
../Core/Src/main.c:121:14: note: previous implicit declaration of 'triangleGraph' with type 'void(void)'
  121 |   triangle = triangleGraph();
      |              ^~~~~~~~~~~~~
../Core/Src/main.c: In function 'sineGraph':
../Core/Src/main.c:489:1: error: expected identifier or '(' before '}' token
  489 | }
      | ^
../Core/Src/main.c:505:1: error: expected declaration or statement at end of input
  505 | }
      | ^
../Core/Src/main.c: At top level:
../Core/Src/main.c:496:6: warning: 'Error_Handler' defined but not used [-Wunused-function]
  496 | void Error_Handler(void)
      |      ^~~~~~~~~~~~~
make: *** [Core/Src/subdir.mk:34: Core/Src/main.o] Error 1
"make -j7 all" terminated with exit code 2. Build might be incomplete.
14:49:44 **** Incremental Build of configuration Debug for project Lab3 ****
make -j7 all 
arm-none-eabi-gcc "../Core/Src/main.c" -mcpu=cortex-m4 -std=gnu11 -g3 -DDEBUG -DUSE_HAL_DRIVER -DSTM32L4S5xx -c -I../Core/Inc -I../Drivers/STM32L4xx_HAL_Driver/Inc -I../Drivers/STM32L4xx_HAL_Driver/Inc/Legacy -I../Drivers/CMSIS/Device/ST/STM32L4xx/Include -I../Drivers/CMSIS/Include -O0 -ffunction-sections -fdata-sections -Wall -fstack-usage -fcyclomatic-complexity -MMD -MP -MF"Core/Src/main.d" -MT"Core/Src/main.o" --specs=nano.specs -mfpu=fpv4-sp-d16 -mfloat-abi=hard -mthumb -o "Core/Src/main.o"
../Core/Src/main.c: In function 'main':
../Core/Src/main.c:120:14: warning: implicit declaration of function 'sawtoothGraph' [-Wimplicit-function-declaration]
  120 |   sawtooth = sawtoothGraph();
      |              ^~~~~~~~~~~~~
../Core/Src/main.c:120:12: error: assignment to expression with array type
  120 |   sawtooth = sawtoothGraph();
      |            ^
../Core/Src/main.c:121:14: warning: implicit declaration of function 'triangleGraph' [-Wimplicit-function-declaration]
  121 |   triangle = triangleGraph();
      |              ^~~~~~~~~~~~~
../Core/Src/main.c:121:12: error: assignment to expression with array type
  121 |   triangle = triangleGraph();
      |            ^
../Core/Src/main.c:89:13: warning: unused variable 'i' [-Wunused-variable]
   89 |         int i = 0;
      |             ^
../Core/Src/main.c: At top level:
../Core/Src/main.c:466:6: warning: conflicting types for 'sawtoothGraph'; have 'void(uint16_t *)' {aka 'void(short unsigned int *)'}
  466 | void sawtoothGraph(uint16_t* sawtooth1) {
      |      ^~~~~~~~~~~~~
../Core/Src/main.c:120:14: note: previous implicit declaration of 'sawtoothGraph' with type 'void(uint16_t *)' {aka 'void(short unsigned int *)'}
  120 |   sawtooth = sawtoothGraph();
      |              ^~~~~~~~~~~~~
../Core/Src/main.c: In function 'sawtoothGraph':
../Core/Src/main.c:472:16: warning: 'return' with a value, in function returning void [-Wreturn-type]
  472 |         return sawtooth1;
      |                ^~~~~~~~~
../Core/Src/main.c:466:6: note: declared here
  466 | void sawtoothGraph(uint16_t* sawtooth1) {
      |      ^~~~~~~~~~~~~
../Core/Src/main.c: At top level:
../Core/Src/main.c:475:6: warning: conflicting types for 'triangleGraph'; have 'void(void)'
  475 | void triangleGraph(void) {
      |      ^~~~~~~~~~~~~
../Core/Src/main.c:121:14: note: previous implicit declaration of 'triangleGraph' with type 'void(void)'
  121 |   triangle = triangleGraph();
      |              ^~~~~~~~~~~~~
../Core/Src/main.c: In function 'sineGraph':
../Core/Src/main.c:488:9: error: 'pass' undeclared (first use in this function)
  488 |         pass;
      |         ^~~~
../Core/Src/main.c:488:9: note: each undeclared identifier is reported only once for each function it appears in
make: *** [Core/Src/subdir.mk:34: Core/Src/main.o] Error 1
"make -j7 all" terminated with exit code 2. Build might be incomplete.
14:49:54 **** Incremental Build of configuration Debug for project Lab3 ****
make -j7 all 
arm-none-eabi-gcc "../Core/Src/main.c" -mcpu=cortex-m4 -std=gnu11 -g3 -DDEBUG -DUSE_HAL_DRIVER -DSTM32L4S5xx -c -I../Core/Inc -I../Drivers/STM32L4xx_HAL_Driver/Inc -I../Drivers/STM32L4xx_HAL_Driver/Inc/Legacy -I../Drivers/CMSIS/Device/ST/STM32L4xx/Include -I../Drivers/CMSIS/Include -O0 -ffunction-sections -fdata-sections -Wall -fstack-usage -fcyclomatic-complexity -MMD -MP -MF"Core/Src/main.d" -MT"Core/Src/main.o" --specs=nano.specs -mfpu=fpv4-sp-d16 -mfloat-abi=hard -mthumb -o "Core/Src/main.o"
../Core/Src/main.c: In function 'main':
../Core/Src/main.c:120:14: warning: implicit declaration of function 'sawtoothGraph' [-Wimplicit-function-declaration]
  120 |   sawtooth = sawtoothGraph();
      |              ^~~~~~~~~~~~~
../Core/Src/main.c:120:12: error: assignment to expression with array type
  120 |   sawtooth = sawtoothGraph();
      |            ^
../Core/Src/main.c:121:14: warning: implicit declaration of function 'triangleGraph' [-Wimplicit-function-declaration]
  121 |   triangle = triangleGraph();
      |              ^~~~~~~~~~~~~
../Core/Src/main.c:121:12: error: assignment to expression with array type
  121 |   triangle = triangleGraph();
      |            ^
../Core/Src/main.c:89:13: warning: unused variable 'i' [-Wunused-variable]
   89 |         int i = 0;
      |             ^
../Core/Src/main.c: At top level:
../Core/Src/main.c:466:6: warning: conflicting types for 'sawtoothGraph'; have 'void(uint16_t *)' {aka 'void(short unsigned int *)'}
  466 | void sawtoothGraph(uint16_t* sawtooth1) {
      |      ^~~~~~~~~~~~~
../Core/Src/main.c:120:14: note: previous implicit declaration of 'sawtoothGraph' with type 'void(uint16_t *)' {aka 'void(short unsigned int *)'}
  120 |   sawtooth = sawtoothGraph();
      |              ^~~~~~~~~~~~~
../Core/Src/main.c: In function 'sawtoothGraph':
../Core/Src/main.c:472:16: warning: 'return' with a value, in function returning void [-Wreturn-type]
  472 |         return sawtooth1;
      |                ^~~~~~~~~
../Core/Src/main.c:466:6: note: declared here
  466 | void sawtoothGraph(uint16_t* sawtooth1) {
      |      ^~~~~~~~~~~~~
../Core/Src/main.c: At top level:
../Core/Src/main.c:475:6: warning: conflicting types for 'triangleGraph'; have 'void(void)'
  475 | void triangleGraph(void) {
      |      ^~~~~~~~~~~~~
../Core/Src/main.c:121:14: note: previous implicit declaration of 'triangleGraph' with type 'void(void)'
  121 |   triangle = triangleGraph();
      |              ^~~~~~~~~~~~~
make: *** [Core/Src/subdir.mk:34: Core/Src/main.o] Error 1
"make -j7 all" terminated with exit code 2. Build might be incomplete.
14:50:23 **** Incremental Build of configuration Debug for project Lab3 ****
make -j7 all 
arm-none-eabi-gcc "../Core/Src/main.c" -mcpu=cortex-m4 -std=gnu11 -g3 -DDEBUG -DUSE_HAL_DRIVER -DSTM32L4S5xx -c -I../Core/Inc -I../Drivers/STM32L4xx_HAL_Driver/Inc -I../Drivers/STM32L4xx_HAL_Driver/Inc/Legacy -I../Drivers/CMSIS/Device/ST/STM32L4xx/Include -I../Drivers/CMSIS/Include -O0 -ffunction-sections -fdata-sections -Wall -fstack-usage -fcyclomatic-complexity -MMD -MP -MF"Core/Src/main.d" -MT"Core/Src/main.o" --specs=nano.specs -mfpu=fpv4-sp-d16 -mfloat-abi=hard -mthumb -o "Core/Src/main.o"
../Core/Src/main.c: In function 'main':
../Core/Src/main.c:120:3: warning: implicit declaration of function 'sawtoothGraph' [-Wimplicit-function-declaration]
  120 |   sawtoothGraph(sawtooth);
      |   ^~~~~~~~~~~~~
../Core/Src/main.c:89:13: warning: unused variable 'i' [-Wunused-variable]
   89 |         int i = 0;
      |             ^
../Core/Src/main.c: At top level:
../Core/Src/main.c:466:6: warning: conflicting types for 'sawtoothGraph'; have 'void(uint16_t *)' {aka 'void(short unsigned int *)'}
  466 | void sawtoothGraph(uint16_t* sawtooth1) {
      |      ^~~~~~~~~~~~~
../Core/Src/main.c:120:3: note: previous implicit declaration of 'sawtoothGraph' with type 'void(uint16_t *)' {aka 'void(short unsigned int *)'}
  120 |   sawtoothGraph(sawtooth);
      |   ^~~~~~~~~~~~~
../Core/Src/main.c: In function 'sawtoothGraph':
../Core/Src/main.c:472:16: warning: 'return' with a value, in function returning void [-Wreturn-type]
  472 |         return sawtooth1;
      |                ^~~~~~~~~
../Core/Src/main.c:466:6: note: declared here
  466 | void sawtoothGraph(uint16_t* sawtooth1) {
      |      ^~~~~~~~~~~~~
arm-none-eabi-gcc -o "Lab3.elf" @"objects.list"  -larm_cortexM4lf_math -mcpu=cortex-m4 -T"/Users/jewoolee/STM32CubeIDE/workspace_1.16.0/Lab3/STM32L4S5VITX_FLASH.ld" --specs=nosys.specs -Wl,-Map="Lab3.map" -Wl,--gc-sections -static -L"/Users/jewoolee/STM32CubeIDE/workspace_1.16.0/Lab3/Core/Lib" --specs=nano.specs -mfpu=fpv4-sp-d16 -mfloat-abi=hard -mthumb -Wl,--start-group -lc -lm -Wl,--end-group
Finished building target: Lab3.elf
 
arm-none-eabi-size  Lab3.elf 
arm-none-eabi-objdump -h -S Lab3.elf  > "Lab3.list"
   text	   data	    bss	    dec	    hex	filename
  18456	     12	   2052	  20520	   5028	Lab3.elf
Finished building: default.size.stdout
 
Finished building: Lab3.list
 
14:55:20 **** Incremental Build of configuration Debug for project Lab3 ****
make -j7 all 
arm-none-eabi-gcc "../Core/Src/main.c" -mcpu=cortex-m4 -std=gnu11 -g3 -DDEBUG -DUSE_HAL_DRIVER -DSTM32L4S5xx -c -I../Core/Inc -I../Drivers/STM32L4xx_HAL_Driver/Inc -I../Drivers/STM32L4xx_HAL_Driver/Inc/Legacy -I../Drivers/CMSIS/Device/ST/STM32L4xx/Include -I../Drivers/CMSIS/Include -O0 -ffunction-sections -fdata-sections -Wall -fstack-usage -fcyclomatic-complexity -MMD -MP -MF"Core/Src/main.d" -MT"Core/Src/main.o" --specs=nano.specs -mfpu=fpv4-sp-d16 -mfloat-abi=hard -mthumb -o "Core/Src/main.o"
../Core/Src/main.c: In function 'main':
../Core/Src/main.c:119:3: warning: implicit declaration of function 'sawtoothGraph' [-Wimplicit-function-declaration]
  119 |   sawtoothGraph();
      |   ^~~~~~~~~~~~~
../Core/Src/main.c:120:3: warning: implicit declaration of function 'triangleGraph' [-Wimplicit-function-declaration]
  120 |   triangleGraph();
      |   ^~~~~~~~~~~~~
../Core/Src/main.c: At top level:
../Core/Src/main.c:465:6: warning: conflicting types for 'sawtoothGraph'; have 'void(void)'
  465 | void sawtoothGraph(void) {
      |      ^~~~~~~~~~~~~
../Core/Src/main.c:119:3: note: previous implicit declaration of 'sawtoothGraph' with type 'void(void)'
  119 |   sawtoothGraph();
      |   ^~~~~~~~~~~~~
../Core/Src/main.c:472:6: warning: conflicting types for 'triangleGraph'; have 'void(void)'
  472 | void triangleGraph(void) {
      |      ^~~~~~~~~~~~~
../Core/Src/main.c:120:3: note: previous implicit declaration of 'triangleGraph' with type 'void(void)'
  120 |   triangleGraph();
      |   ^~~~~~~~~~~~~
arm-none-eabi-gcc -o "Lab3.elf" @"objects.list"  -larm_cortexM4lf_math -mcpu=cortex-m4 -T"/Users/jewoolee/STM32CubeIDE/workspace_1.16.0/Lab3/STM32L4S5VITX_FLASH.ld" --specs=nosys.specs -Wl,-Map="Lab3.map" -Wl,--gc-sections -static -L"/Users/jewoolee/STM32CubeIDE/workspace_1.16.0/Lab3/Core/Lib" --specs=nano.specs -mfpu=fpv4-sp-d16 -mfloat-abi=hard -mthumb -Wl,--start-group -lc -lm -Wl,--end-group
Finished building target: Lab3.elf
 
arm-none-eabi-size  Lab3.elf 
arm-none-eabi-objdump -h -S Lab3.elf  > "Lab3.list"
   text	   data	    bss	    dec	    hex	filename
  18596	     12	   1972	  20580	   5064	Lab3.elf
Finished building: default.size.stdout
 
Finished building: Lab3.list
 
15:04:39 **** Incremental Build of configuration Debug for project Lab3 ****
make -j7 all 
arm-none-eabi-gcc "../Core/Src/main.c" -mcpu=cortex-m4 -std=gnu11 -g3 -DDEBUG -DUSE_HAL_DRIVER -DSTM32L4S5xx -c -I../Core/Inc -I../Drivers/STM32L4xx_HAL_Driver/Inc -I../Drivers/STM32L4xx_HAL_Driver/Inc/Legacy -I../Drivers/CMSIS/Device/ST/STM32L4xx/Include -I../Drivers/CMSIS/Include -O0 -ffunction-sections -fdata-sections -Wall -fstack-usage -fcyclomatic-complexity -MMD -MP -MF"Core/Src/main.d" -MT"Core/Src/main.o" --specs=nano.specs -mfpu=fpv4-sp-d16 -mfloat-abi=hard -mthumb -o "Core/Src/main.o"
../Core/Src/main.c: In function 'main':
../Core/Src/main.c:119:3: warning: implicit declaration of function 'sawtoothGraph' [-Wimplicit-function-declaration]
  119 |   sawtoothGraph();
      |   ^~~~~~~~~~~~~
../Core/Src/main.c:120:3: warning: implicit declaration of function 'triangleGraph' [-Wimplicit-function-declaration]
  120 |   triangleGraph();
      |   ^~~~~~~~~~~~~
../Core/Src/main.c: At top level:
../Core/Src/main.c:432:6: warning: conflicting types for 'sawtoothGraph'; have 'void(void)'
  432 | void sawtoothGraph(void) {
      |      ^~~~~~~~~~~~~
../Core/Src/main.c:119:3: note: previous implicit declaration of 'sawtoothGraph' with type 'void(void)'
  119 |   sawtoothGraph();
      |   ^~~~~~~~~~~~~
../Core/Src/main.c:439:6: warning: conflicting types for 'triangleGraph'; have 'void(void)'
  439 | void triangleGraph(void) {
      |      ^~~~~~~~~~~~~
../Core/Src/main.c:120:3: note: previous implicit declaration of 'triangleGraph' with type 'void(void)'
  120 |   triangleGraph();
      |   ^~~~~~~~~~~~~
../Core/Src/main.c: In function 'sineGraph':
../Core/Src/main.c:454:28: error: 'unit32_t' undeclared (first use in this function); did you mean 'uint32_t'?
  454 |                 sine[i] = (unit32_t)(arm_sin_f32((2*M_PI*i)/15)*2480);
      |                            ^~~~~~~~
      |                            uint32_t
../Core/Src/main.c:454:28: note: each undeclared identifier is reported only once for each function it appears in
make: *** [Core/Src/subdir.mk:34: Core/Src/main.o] Error 1
"make -j7 all" terminated with exit code 2. Build might be incomplete.
15:05:06 **** Incremental Build of configuration Debug for project Lab3 ****
make -j7 all 
arm-none-eabi-gcc "../Core/Src/main.c" -mcpu=cortex-m4 -std=gnu11 -g3 -DDEBUG -DUSE_HAL_DRIVER -DSTM32L4S5xx -c -I../Core/Inc -I../Drivers/STM32L4xx_HAL_Driver/Inc -I../Drivers/STM32L4xx_HAL_Driver/Inc/Legacy -I../Drivers/CMSIS/Device/ST/STM32L4xx/Include -I../Drivers/CMSIS/Include -O0 -ffunction-sections -fdata-sections -Wall -fstack-usage -fcyclomatic-complexity -MMD -MP -MF"Core/Src/main.d" -MT"Core/Src/main.o" --specs=nano.specs -mfpu=fpv4-sp-d16 -mfloat-abi=hard -mthumb -o "Core/Src/main.o"
../Core/Src/main.c: In function 'main':
../Core/Src/main.c:119:3: warning: implicit declaration of function 'sawtoothGraph' [-Wimplicit-function-declaration]
  119 |   sawtoothGraph();
      |   ^~~~~~~~~~~~~
../Core/Src/main.c:120:3: warning: implicit declaration of function 'triangleGraph' [-Wimplicit-function-declaration]
  120 |   triangleGraph();
      |   ^~~~~~~~~~~~~
../Core/Src/main.c: At top level:
../Core/Src/main.c:432:6: warning: conflicting types for 'sawtoothGraph'; have 'void(void)'
  432 | void sawtoothGraph(void) {
      |      ^~~~~~~~~~~~~
../Core/Src/main.c:119:3: note: previous implicit declaration of 'sawtoothGraph' with type 'void(void)'
  119 |   sawtoothGraph();
      |   ^~~~~~~~~~~~~
../Core/Src/main.c:439:6: warning: conflicting types for 'triangleGraph'; have 'void(void)'
  439 | void triangleGraph(void) {
      |      ^~~~~~~~~~~~~
../Core/Src/main.c:120:3: note: previous implicit declaration of 'triangleGraph' with type 'void(void)'
  120 |   triangleGraph();
      |   ^~~~~~~~~~~~~
arm-none-eabi-gcc -o "Lab3.elf" @"objects.list"  -larm_cortexM4lf_math -mcpu=cortex-m4 -T"/Users/jewoolee/STM32CubeIDE/workspace_1.16.0/Lab3/STM32L4S5VITX_FLASH.ld" --specs=nosys.specs -Wl,-Map="Lab3.map" -Wl,--gc-sections -static -L"/Users/jewoolee/STM32CubeIDE/workspace_1.16.0/Lab3/Core/Lib" --specs=nano.specs -mfpu=fpv4-sp-d16 -mfloat-abi=hard -mthumb -Wl,--start-group -lc -lm -Wl,--end-group
Finished building target: Lab3.elf
 
arm-none-eabi-size  Lab3.elf 
arm-none-eabi-objdump -h -S Lab3.elf  > "Lab3.list"
   text	   data	    bss	    dec	    hex	filename
  18544	     12	   1972	  20528	   5030	Lab3.elf
Finished building: default.size.stdout
 
Finished building: Lab3.list
 
15:09:31 **** Incremental Build of configuration Debug for project Lab3 ****
make -j7 all 
arm-none-eabi-gcc "../Core/Src/main.c" -mcpu=cortex-m4 -std=gnu11 -g3 -DDEBUG -DUSE_HAL_DRIVER -DSTM32L4S5xx -c -I../Core/Inc -I../Drivers/STM32L4xx_HAL_Driver/Inc -I../Drivers/STM32L4xx_HAL_Driver/Inc/Legacy -I../Drivers/CMSIS/Device/ST/STM32L4xx/Include -I../Drivers/CMSIS/Include -O0 -ffunction-sections -fdata-sections -Wall -fstack-usage -fcyclomatic-complexity -MMD -MP -MF"Core/Src/main.d" -MT"Core/Src/main.o" --specs=nano.specs -mfpu=fpv4-sp-d16 -mfloat-abi=hard -mthumb -o "Core/Src/main.o"
../Core/Src/main.c: In function 'main':
../Core/Src/main.c:119:3: warning: implicit declaration of function 'sawtoothGraph' [-Wimplicit-function-declaration]
  119 |   sawtoothGraph();
      |   ^~~~~~~~~~~~~
../Core/Src/main.c:120:3: warning: implicit declaration of function 'triangleGraph' [-Wimplicit-function-declaration]
  120 |   triangleGraph();
      |   ^~~~~~~~~~~~~
../Core/Src/main.c: At top level:
../Core/Src/main.c:432:6: warning: conflicting types for 'sawtoothGraph'; have 'void(void)'
  432 | void sawtoothGraph(void) {
      |      ^~~~~~~~~~~~~
../Core/Src/main.c:119:3: note: previous implicit declaration of 'sawtoothGraph' with type 'void(void)'
  119 |   sawtoothGraph();
      |   ^~~~~~~~~~~~~
../Core/Src/main.c:439:6: warning: conflicting types for 'triangleGraph'; have 'void(void)'
  439 | void triangleGraph(void) {
      |      ^~~~~~~~~~~~~
../Core/Src/main.c:120:3: note: previous implicit declaration of 'triangleGraph' with type 'void(void)'
  120 |   triangleGraph();
      |   ^~~~~~~~~~~~~
arm-none-eabi-gcc -o "Lab3.elf" @"objects.list"  -larm_cortexM4lf_math -mcpu=cortex-m4 -T"/Users/jewoolee/STM32CubeIDE/workspace_1.16.0/Lab3/STM32L4S5VITX_FLASH.ld" --specs=nosys.specs -Wl,-Map="Lab3.map" -Wl,--gc-sections -static -L"/Users/jewoolee/STM32CubeIDE/workspace_1.16.0/Lab3/Core/Lib" --specs=nano.specs -mfpu=fpv4-sp-d16 -mfloat-abi=hard -mthumb -Wl,--start-group -lc -lm -Wl,--end-group
Finished building target: Lab3.elf
 
arm-none-eabi-size  Lab3.elf 
arm-none-eabi-objdump -h -S Lab3.elf  > "Lab3.list"
   text	   data	    bss	    dec	    hex	filename
  18544	     12	   1972	  20528	   5030	Lab3.elf
Finished building: default.size.stdout
 
Finished building: Lab3.list
 
15:11:00 **** Incremental Build of configuration Debug for project Lab3 ****
make -j7 all 
arm-none-eabi-size  Lab3.elf 
   text	   data	    bss	    dec	    hex	filename
  18544	     12	   1972	  20528	   5030	Lab3.elf
Finished building: default.size.stdout
 
15:12:43 **** Incremental Build of configuration Debug for project Lab3 ****
make -j7 all 
arm-none-eabi-gcc "../Core/Src/main.c" -mcpu=cortex-m4 -std=gnu11 -g3 -DDEBUG -DUSE_HAL_DRIVER -DSTM32L4S5xx -c -I../Core/Inc -I../Drivers/STM32L4xx_HAL_Driver/Inc -I../Drivers/STM32L4xx_HAL_Driver/Inc/Legacy -I../Drivers/CMSIS/Device/ST/STM32L4xx/Include -I../Drivers/CMSIS/Include -O0 -ffunction-sections -fdata-sections -Wall -fstack-usage -fcyclomatic-complexity -MMD -MP -MF"Core/Src/main.d" -MT"Core/Src/main.o" --specs=nano.specs -mfpu=fpv4-sp-d16 -mfloat-abi=hard -mthumb -o "Core/Src/main.o"
../Core/Src/main.c: In function 'main':
../Core/Src/main.c:119:3: warning: implicit declaration of function 'sawtoothGraph' [-Wimplicit-function-declaration]
  119 |   sawtoothGraph();
      |   ^~~~~~~~~~~~~
../Core/Src/main.c:120:3: warning: implicit declaration of function 'triangleGraph' [-Wimplicit-function-declaration]
  120 |   triangleGraph();
      |   ^~~~~~~~~~~~~
../Core/Src/main.c: At top level:
../Core/Src/main.c:432:6: warning: conflicting types for 'sawtoothGraph'; have 'void(void)'
  432 | void sawtoothGraph(void) {
      |      ^~~~~~~~~~~~~
../Core/Src/main.c:119:3: note: previous implicit declaration of 'sawtoothGraph' with type 'void(void)'
  119 |   sawtoothGraph();
      |   ^~~~~~~~~~~~~
../Core/Src/main.c:439:6: warning: conflicting types for 'triangleGraph'; have 'void(void)'
  439 | void triangleGraph(void) {
      |      ^~~~~~~~~~~~~
../Core/Src/main.c:120:3: note: previous implicit declaration of 'triangleGraph' with type 'void(void)'
  120 |   triangleGraph();
      |   ^~~~~~~~~~~~~
arm-none-eabi-gcc -o "Lab3.elf" @"objects.list"  -larm_cortexM4lf_math -mcpu=cortex-m4 -T"/Users/jewoolee/STM32CubeIDE/workspace_1.16.0/Lab3/STM32L4S5VITX_FLASH.ld" --specs=nosys.specs -Wl,-Map="Lab3.map" -Wl,--gc-sections -static -L"/Users/jewoolee/STM32CubeIDE/workspace_1.16.0/Lab3/Core/Lib" --specs=nano.specs -mfpu=fpv4-sp-d16 -mfloat-abi=hard -mthumb -Wl,--start-group -lc -lm -Wl,--end-group
Finished building target: Lab3.elf
 
arm-none-eabi-size  Lab3.elf 
arm-none-eabi-objdump -h -S Lab3.elf  > "Lab3.list"
   text	   data	    bss	    dec	    hex	filename
  18544	     12	   1972	  20528	   5030	Lab3.elf
Finished building: default.size.stdout
 
Finished building: Lab3.list
 
15:15:39 **** Incremental Build of configuration Debug for project Lab3 ****
make -j7 all 
arm-none-eabi-gcc "../Core/Src/main.c" -mcpu=cortex-m4 -std=gnu11 -g3 -DDEBUG -DUSE_HAL_DRIVER -DSTM32L4S5xx -c -I../Core/Inc -I../Drivers/STM32L4xx_HAL_Driver/Inc -I../Drivers/STM32L4xx_HAL_Driver/Inc/Legacy -I../Drivers/CMSIS/Device/ST/STM32L4xx/Include -I../Drivers/CMSIS/Include -O0 -ffunction-sections -fdata-sections -Wall -fstack-usage -fcyclomatic-complexity -MMD -MP -MF"Core/Src/main.d" -MT"Core/Src/main.o" --specs=nano.specs -mfpu=fpv4-sp-d16 -mfloat-abi=hard -mthumb -o "Core/Src/main.o"
../Core/Src/main.c: In function 'main':
../Core/Src/main.c:119:3: warning: implicit declaration of function 'sawtoothGraph' [-Wimplicit-function-declaration]
  119 |   sawtoothGraph();
      |   ^~~~~~~~~~~~~
../Core/Src/main.c:120:3: warning: implicit declaration of function 'triangleGraph' [-Wimplicit-function-declaration]
  120 |   triangleGraph();
      |   ^~~~~~~~~~~~~
../Core/Src/main.c: At top level:
../Core/Src/main.c:432:6: warning: conflicting types for 'sawtoothGraph'; have 'void(void)'
  432 | void sawtoothGraph(void) {
      |      ^~~~~~~~~~~~~
../Core/Src/main.c:119:3: note: previous implicit declaration of 'sawtoothGraph' with type 'void(void)'
  119 |   sawtoothGraph();
      |   ^~~~~~~~~~~~~
../Core/Src/main.c:439:6: warning: conflicting types for 'triangleGraph'; have 'void(void)'
  439 | void triangleGraph(void) {
      |      ^~~~~~~~~~~~~
../Core/Src/main.c:120:3: note: previous implicit declaration of 'triangleGraph' with type 'void(void)'
  120 |   triangleGraph();
      |   ^~~~~~~~~~~~~
arm-none-eabi-gcc -o "Lab3.elf" @"objects.list"  -larm_cortexM4lf_math -mcpu=cortex-m4 -T"/Users/jewoolee/STM32CubeIDE/workspace_1.16.0/Lab3/STM32L4S5VITX_FLASH.ld" --specs=nosys.specs -Wl,-Map="Lab3.map" -Wl,--gc-sections -static -L"/Users/jewoolee/STM32CubeIDE/workspace_1.16.0/Lab3/Core/Lib" --specs=nano.specs -mfpu=fpv4-sp-d16 -mfloat-abi=hard -mthumb -Wl,--start-group -lc -lm -Wl,--end-group
Finished building target: Lab3.elf
 
arm-none-eabi-size  Lab3.elf 
arm-none-eabi-objdump -h -S Lab3.elf  > "Lab3.list"
   text	   data	    bss	    dec	    hex	filename
  18544	     12	   1972	  20528	   5030	Lab3.elf
Finished building: default.size.stdout
 
Finished building: Lab3.list
 
15:17:03 **** Incremental Build of configuration Debug for project Lab3 ****
make -j7 all 
arm-none-eabi-gcc "../Core/Src/main.c" -mcpu=cortex-m4 -std=gnu11 -g3 -DDEBUG -DUSE_HAL_DRIVER -DSTM32L4S5xx -c -I../Core/Inc -I../Drivers/STM32L4xx_HAL_Driver/Inc -I../Drivers/STM32L4xx_HAL_Driver/Inc/Legacy -I../Drivers/CMSIS/Device/ST/STM32L4xx/Include -I../Drivers/CMSIS/Include -O0 -ffunction-sections -fdata-sections -Wall -fstack-usage -fcyclomatic-complexity -MMD -MP -MF"Core/Src/main.d" -MT"Core/Src/main.o" --specs=nano.specs -mfpu=fpv4-sp-d16 -mfloat-abi=hard -mthumb -o "Core/Src/main.o"
../Core/Src/main.c: In function 'main':
../Core/Src/main.c:119:3: warning: implicit declaration of function 'sawtoothGraph' [-Wimplicit-function-declaration]
  119 |   sawtoothGraph();
      |   ^~~~~~~~~~~~~
../Core/Src/main.c:120:3: warning: implicit declaration of function 'triangleGraph' [-Wimplicit-function-declaration]
  120 |   triangleGraph();
      |   ^~~~~~~~~~~~~
../Core/Src/main.c: At top level:
../Core/Src/main.c:432:6: warning: conflicting types for 'sawtoothGraph'; have 'void(void)'
  432 | void sawtoothGraph(void) {
      |      ^~~~~~~~~~~~~
../Core/Src/main.c:119:3: note: previous implicit declaration of 'sawtoothGraph' with type 'void(void)'
  119 |   sawtoothGraph();
      |   ^~~~~~~~~~~~~
../Core/Src/main.c:439:6: warning: conflicting types for 'triangleGraph'; have 'void(void)'
  439 | void triangleGraph(void) {
      |      ^~~~~~~~~~~~~
../Core/Src/main.c:120:3: note: previous implicit declaration of 'triangleGraph' with type 'void(void)'
  120 |   triangleGraph();
      |   ^~~~~~~~~~~~~
arm-none-eabi-gcc -o "Lab3.elf" @"objects.list"  -larm_cortexM4lf_math -mcpu=cortex-m4 -T"/Users/jewoolee/STM32CubeIDE/workspace_1.16.0/Lab3/STM32L4S5VITX_FLASH.ld" --specs=nosys.specs -Wl,-Map="Lab3.map" -Wl,--gc-sections -static -L"/Users/jewoolee/STM32CubeIDE/workspace_1.16.0/Lab3/Core/Lib" --specs=nano.specs -mfpu=fpv4-sp-d16 -mfloat-abi=hard -mthumb -Wl,--start-group -lc -lm -Wl,--end-group
Finished building target: Lab3.elf
 
arm-none-eabi-size  Lab3.elf 
arm-none-eabi-objdump -h -S Lab3.elf  > "Lab3.list"
   text	   data	    bss	    dec	    hex	filename
  18544	     12	   1972	  20528	   5030	Lab3.elf
Finished building: default.size.stdout
 
Finished building: Lab3.list
 
15:18:22 **** Incremental Build of configuration Debug for project Lab3 ****
make -j7 all 
arm-none-eabi-gcc "../Core/Src/main.c" -mcpu=cortex-m4 -std=gnu11 -g3 -DDEBUG -DUSE_HAL_DRIVER -DSTM32L4S5xx -c -I../Core/Inc -I../Drivers/STM32L4xx_HAL_Driver/Inc -I../Drivers/STM32L4xx_HAL_Driver/Inc/Legacy -I../Drivers/CMSIS/Device/ST/STM32L4xx/Include -I../Drivers/CMSIS/Include -O0 -ffunction-sections -fdata-sections -Wall -fstack-usage -fcyclomatic-complexity -MMD -MP -MF"Core/Src/main.d" -MT"Core/Src/main.o" --specs=nano.specs -mfpu=fpv4-sp-d16 -mfloat-abi=hard -mthumb -o "Core/Src/main.o"
../Core/Src/main.c: In function 'main':
../Core/Src/main.c:119:3: warning: implicit declaration of function 'sawtoothGraph' [-Wimplicit-function-declaration]
  119 |   sawtoothGraph();
      |   ^~~~~~~~~~~~~
../Core/Src/main.c:120:3: warning: implicit declaration of function 'triangleGraph' [-Wimplicit-function-declaration]
  120 |   triangleGraph();
      |   ^~~~~~~~~~~~~
../Core/Src/main.c: At top level:
../Core/Src/main.c:432:6: warning: conflicting types for 'sawtoothGraph'; have 'void(void)'
  432 | void sawtoothGraph(void) {
      |      ^~~~~~~~~~~~~
../Core/Src/main.c:119:3: note: previous implicit declaration of 'sawtoothGraph' with type 'void(void)'
  119 |   sawtoothGraph();
      |   ^~~~~~~~~~~~~
../Core/Src/main.c:439:6: warning: conflicting types for 'triangleGraph'; have 'void(void)'
  439 | void triangleGraph(void) {
      |      ^~~~~~~~~~~~~
../Core/Src/main.c:120:3: note: previous implicit declaration of 'triangleGraph' with type 'void(void)'
  120 |   triangleGraph();
      |   ^~~~~~~~~~~~~
arm-none-eabi-gcc -o "Lab3.elf" @"objects.list"  -larm_cortexM4lf_math -mcpu=cortex-m4 -T"/Users/jewoolee/STM32CubeIDE/workspace_1.16.0/Lab3/STM32L4S5VITX_FLASH.ld" --specs=nosys.specs -Wl,-Map="Lab3.map" -Wl,--gc-sections -static -L"/Users/jewoolee/STM32CubeIDE/workspace_1.16.0/Lab3/Core/Lib" --specs=nano.specs -mfpu=fpv4-sp-d16 -mfloat-abi=hard -mthumb -Wl,--start-group -lc -lm -Wl,--end-group
Finished building target: Lab3.elf
 
arm-none-eabi-size  Lab3.elf 
arm-none-eabi-objdump -h -S Lab3.elf  > "Lab3.list"
   text	   data	    bss	    dec	    hex	filename
  18544	     12	   1972	  20528	   5030	Lab3.elf
Finished building: default.size.stdout
 
Finished building: Lab3.list
 
15:19:41 **** Incremental Build of configuration Debug for project Lab3 ****
make -j7 all 
arm-none-eabi-gcc "../Core/Src/main.c" -mcpu=cortex-m4 -std=gnu11 -g3 -DDEBUG -DUSE_HAL_DRIVER -DSTM32L4S5xx -c -I../Core/Inc -I../Drivers/STM32L4xx_HAL_Driver/Inc -I../Drivers/STM32L4xx_HAL_Driver/Inc/Legacy -I../Drivers/CMSIS/Device/ST/STM32L4xx/Include -I../Drivers/CMSIS/Include -O0 -ffunction-sections -fdata-sections -Wall -fstack-usage -fcyclomatic-complexity -MMD -MP -MF"Core/Src/main.d" -MT"Core/Src/main.o" --specs=nano.specs -mfpu=fpv4-sp-d16 -mfloat-abi=hard -mthumb -o "Core/Src/main.o"
../Core/Src/main.c: In function 'main':
../Core/Src/main.c:119:3: warning: implicit declaration of function 'sawtoothGraph' [-Wimplicit-function-declaration]
  119 |   sawtoothGraph();
      |   ^~~~~~~~~~~~~
../Core/Src/main.c:120:3: warning: implicit declaration of function 'triangleGraph' [-Wimplicit-function-declaration]
  120 |   triangleGraph();
      |   ^~~~~~~~~~~~~
../Core/Src/main.c:121:3: warning: implicit declaration of function 'sineGraph' [-Wimplicit-function-declaration]
  121 |   sineGraph();
      |   ^~~~~~~~~
../Core/Src/main.c: At top level:
../Core/Src/main.c:433:6: warning: conflicting types for 'sawtoothGraph'; have 'void(void)'
  433 | void sawtoothGraph(void) {
      |      ^~~~~~~~~~~~~
../Core/Src/main.c:119:3: note: previous implicit declaration of 'sawtoothGraph' with type 'void(void)'
  119 |   sawtoothGraph();
      |   ^~~~~~~~~~~~~
../Core/Src/main.c:440:6: warning: conflicting types for 'triangleGraph'; have 'void(void)'
  440 | void triangleGraph(void) {
      |      ^~~~~~~~~~~~~
../Core/Src/main.c:120:3: note: previous implicit declaration of 'triangleGraph' with type 'void(void)'
  120 |   triangleGraph();
      |   ^~~~~~~~~~~~~
../Core/Src/main.c:453:6: warning: conflicting types for 'sineGraph'; have 'void(void)'
  453 | void sineGraph(void) {
      |      ^~~~~~~~~
../Core/Src/main.c:121:3: note: previous implicit declaration of 'sineGraph' with type 'void(void)'
  121 |   sineGraph();
      |   ^~~~~~~~~
arm-none-eabi-gcc -o "Lab3.elf" @"objects.list"  -larm_cortexM4lf_math -mcpu=cortex-m4 -T"/Users/jewoolee/STM32CubeIDE/workspace_1.16.0/Lab3/STM32L4S5VITX_FLASH.ld" --specs=nosys.specs -Wl,-Map="Lab3.map" -Wl,--gc-sections -static -L"/Users/jewoolee/STM32CubeIDE/workspace_1.16.0/Lab3/Core/Lib" --specs=nano.specs -mfpu=fpv4-sp-d16 -mfloat-abi=hard -mthumb -Wl,--start-group -lc -lm -Wl,--end-group
Finished building target: Lab3.elf
 
arm-none-eabi-size  Lab3.elf 
arm-none-eabi-objdump -h -S Lab3.elf  > "Lab3.list"
   text	   data	    bss	    dec	    hex	filename
  23000	     12	   1972	  24984	   6198	Lab3.elf
Finished building: default.size.stdout
 
Finished building: Lab3.list
 
15:19:59 **** Incremental Build of configuration Debug for project Lab3 ****
make -j7 all 
arm-none-eabi-size  Lab3.elf 
   text	   data	    bss	    dec	    hex	filename
  23000	     12	   1972	  24984	   6198	Lab3.elf
Finished building: default.size.stdout
 
15:22:34 **** Incremental Build of configuration Debug for project Lab3 ****
make -j7 all 
arm-none-eabi-gcc "../Core/Src/main.c" -mcpu=cortex-m4 -std=gnu11 -g3 -DDEBUG -DUSE_HAL_DRIVER -DSTM32L4S5xx -c -I../Core/Inc -I../Drivers/STM32L4xx_HAL_Driver/Inc -I../Drivers/STM32L4xx_HAL_Driver/Inc/Legacy -I../Drivers/CMSIS/Device/ST/STM32L4xx/Include -I../Drivers/CMSIS/Include -O0 -ffunction-sections -fdata-sections -Wall -fstack-usage -fcyclomatic-complexity -MMD -MP -MF"Core/Src/main.d" -MT"Core/Src/main.o" --specs=nano.specs -mfpu=fpv4-sp-d16 -mfloat-abi=hard -mthumb -o "Core/Src/main.o"
../Core/Src/main.c: In function 'main':
../Core/Src/main.c:119:3: warning: implicit declaration of function 'sawtoothGraph' [-Wimplicit-function-declaration]
  119 |   sawtoothGraph();
      |   ^~~~~~~~~~~~~
../Core/Src/main.c:120:3: warning: implicit declaration of function 'triangleGraph' [-Wimplicit-function-declaration]
  120 |   triangleGraph();
      |   ^~~~~~~~~~~~~
../Core/Src/main.c:121:3: warning: implicit declaration of function 'sineGraph' [-Wimplicit-function-declaration]
  121 |   sineGraph();
      |   ^~~~~~~~~
../Core/Src/main.c: At top level:
../Core/Src/main.c:433:6: warning: conflicting types for 'sawtoothGraph'; have 'void(void)'
  433 | void sawtoothGraph(void) {
      |      ^~~~~~~~~~~~~
../Core/Src/main.c:119:3: note: previous implicit declaration of 'sawtoothGraph' with type 'void(void)'
  119 |   sawtoothGraph();
      |   ^~~~~~~~~~~~~
../Core/Src/main.c:440:6: warning: conflicting types for 'triangleGraph'; have 'void(void)'
  440 | void triangleGraph(void) {
      |      ^~~~~~~~~~~~~
../Core/Src/main.c:120:3: note: previous implicit declaration of 'triangleGraph' with type 'void(void)'
  120 |   triangleGraph();
      |   ^~~~~~~~~~~~~
../Core/Src/main.c:453:6: warning: conflicting types for 'sineGraph'; have 'void(void)'
  453 | void sineGraph(void) {
      |      ^~~~~~~~~
../Core/Src/main.c:121:3: note: previous implicit declaration of 'sineGraph' with type 'void(void)'
  121 |   sineGraph();
      |   ^~~~~~~~~
arm-none-eabi-gcc -o "Lab3.elf" @"objects.list"  -larm_cortexM4lf_math -mcpu=cortex-m4 -T"/Users/jewoolee/STM32CubeIDE/workspace_1.16.0/Lab3/STM32L4S5VITX_FLASH.ld" --specs=nosys.specs -Wl,-Map="Lab3.map" -Wl,--gc-sections -static -L"/Users/jewoolee/STM32CubeIDE/workspace_1.16.0/Lab3/Core/Lib" --specs=nano.specs -mfpu=fpv4-sp-d16 -mfloat-abi=hard -mthumb -Wl,--start-group -lc -lm -Wl,--end-group
Finished building target: Lab3.elf
 
arm-none-eabi-size  Lab3.elf 
arm-none-eabi-objdump -h -S Lab3.elf  > "Lab3.list"
   text	   data	    bss	    dec	    hex	filename
  23000	     12	   1972	  24984	   6198	Lab3.elf
Finished building: default.size.stdout
 
Finished building: Lab3.list
 
15:25:22 **** Incremental Build of configuration Debug for project Lab3 ****
make -j7 all 
arm-none-eabi-gcc "../Core/Src/main.c" -mcpu=cortex-m4 -std=gnu11 -g3 -DDEBUG -DUSE_HAL_DRIVER -DSTM32L4S5xx -c -I../Core/Inc -I../Drivers/STM32L4xx_HAL_Driver/Inc -I../Drivers/STM32L4xx_HAL_Driver/Inc/Legacy -I../Drivers/CMSIS/Device/ST/STM32L4xx/Include -I../Drivers/CMSIS/Include -O0 -ffunction-sections -fdata-sections -Wall -fstack-usage -fcyclomatic-complexity -MMD -MP -MF"Core/Src/main.d" -MT"Core/Src/main.o" --specs=nano.specs -mfpu=fpv4-sp-d16 -mfloat-abi=hard -mthumb -o "Core/Src/main.o"
../Core/Src/main.c: In function 'main':
../Core/Src/main.c:119:3: warning: implicit declaration of function 'sawtoothGraph' [-Wimplicit-function-declaration]
  119 |   sawtoothGraph();
      |   ^~~~~~~~~~~~~
../Core/Src/main.c:120:3: warning: implicit declaration of function 'triangleGraph' [-Wimplicit-function-declaration]
  120 |   triangleGraph();
      |   ^~~~~~~~~~~~~
../Core/Src/main.c:121:3: warning: implicit declaration of function 'sineGraph' [-Wimplicit-function-declaration]
  121 |   sineGraph();
      |   ^~~~~~~~~
../Core/Src/main.c: At top level:
../Core/Src/main.c:433:6: warning: conflicting types for 'sawtoothGraph'; have 'void(void)'
  433 | void sawtoothGraph(void) {
      |      ^~~~~~~~~~~~~
../Core/Src/main.c:119:3: note: previous implicit declaration of 'sawtoothGraph' with type 'void(void)'
  119 |   sawtoothGraph();
      |   ^~~~~~~~~~~~~
../Core/Src/main.c:440:6: warning: conflicting types for 'triangleGraph'; have 'void(void)'
  440 | void triangleGraph(void) {
      |      ^~~~~~~~~~~~~
../Core/Src/main.c:120:3: note: previous implicit declaration of 'triangleGraph' with type 'void(void)'
  120 |   triangleGraph();
      |   ^~~~~~~~~~~~~
../Core/Src/main.c:453:6: warning: conflicting types for 'sineGraph'; have 'void(void)'
  453 | void sineGraph(void) {
      |      ^~~~~~~~~
../Core/Src/main.c:121:3: note: previous implicit declaration of 'sineGraph' with type 'void(void)'
  121 |   sineGraph();
      |   ^~~~~~~~~
arm-none-eabi-gcc -o "Lab3.elf" @"objects.list"  -larm_cortexM4lf_math -mcpu=cortex-m4 -T"/Users/jewoolee/STM32CubeIDE/workspace_1.16.0/Lab3/STM32L4S5VITX_FLASH.ld" --specs=nosys.specs -Wl,-Map="Lab3.map" -Wl,--gc-sections -static -L"/Users/jewoolee/STM32CubeIDE/workspace_1.16.0/Lab3/Core/Lib" --specs=nano.specs -mfpu=fpv4-sp-d16 -mfloat-abi=hard -mthumb -Wl,--start-group -lc -lm -Wl,--end-group
Finished building target: Lab3.elf
 
arm-none-eabi-size  Lab3.elf 
arm-none-eabi-objdump -h -S Lab3.elf  > "Lab3.list"
   text	   data	    bss	    dec	    hex	filename
  23000	     12	   1972	  24984	   6198	Lab3.elf
Finished building: default.size.stdout
 
Finished building: Lab3.list
 
