23:17:40 **** Build of configuration Debug for project Lab1 ****
make -j7 all 
arm-none-eabi-gcc -o "Lab1.elf" @"objects.list"  -llibarm_cortexM4lf_math -mcpu=cortex-m4 -T"/Users/jewoolee/STM32CubeIDE/workspace_1.16.0/ECSE 444 Labs/Lab1/STM32L4S5VITX_FLASH.ld" --specs=nosys.specs -Wl,-Map="Lab1.map" -Wl,--gc-sections -static -L"/Users/jewoolee/STM32CubeIDE/workspace_1.16.0/ECSE 444 Labs/Lab1/Core/Lib" --specs=nano.specs -mfpu=fpv4-sp-d16 -mfloat-abi=hard -mthumb -Wl,--start-group -lc -lm -Wl,--end-group
/Applications/STM32CubeIDE.app/Contents/Eclipse/plugins/com.st.stm32cube.ide.mcu.externaltools.gnu-tools-for-stm32.12.3.rel1.macos64_1.0.200.202406191456/tools/bin/../lib/gcc/arm-none-eabi/12.3.1/../../../../arm-none-eabi/bin/ld: cannot find -llibarm_cortexM4lf_math: No such file or directory
/Applications/STM32CubeIDE.app/Contents/Eclipse/plugins/com.st.stm32cube.ide.mcu.externaltools.gnu-tools-for-stm32.12.3.rel1.macos64_1.0.200.202406191456/tools/bin/../lib/gcc/arm-none-eabi/12.3.1/../../../../arm-none-eabi/bin/ld: note to link with /Users/jewoolee/STM32CubeIDE/workspace_1.16.0/ECSE 444 Labs/Lab1/Core/Lib/libarm_cortexM4lf_math.a use -l:libarm_cortexM4lf_math.a or rename it to liblibarm_cortexM4lf_math.a
collect2: error: ld returned 1 exit status
make: *** [makefile:64: Lab1.elf] Error 1
"make -j7 all" terminated with exit code 2. Build might be incomplete.

23:17:41 Build Failed. 3 errors, 0 warnings. (took 422ms)

